C:\Program Files\Java\jdk1.8.0_333/bin/java -Djava.ext.dirs=C:\Program Files\Java\jdk1.8.0_333/jre/lib/ext:C:\Program Files\Java\jdk1.8.0_333/lib/ext  -server -Xms2g -Xmx2g -Xmn1g -XX:MetaspaceSize=128m -XX:MaxMetaspaceSize=320m -XX:-OmitStackTraceInFastThrow -XX:+HeapDumpOnOutOfMemoryError -XX:HeapDumpPath=/c/Users/jiangkai/Documents/CodeProject/springCloldAlibabaStudy/nacos/logs/java_heapdump.hprof -XX:-UseLargePages -Dnacos.member.list= -Xloggc:/c/Users/jiangkai/Documents/CodeProject/springCloldAlibabaStudy/nacos/logs/nacos_gc.log -verbose:gc -XX:+PrintGCDetails -XX:+PrintGCDateStamps -XX:+PrintGCTimeStamps -XX:+UseGCLogFileRotation -XX:NumberOfGCLogFiles=10 -XX:GCLogFileSize=100M -Dloader.path=/c/Users/jiangkai/Documents/CodeProject/springCloldAlibabaStudy/nacos/plugins/health,/c/Users/jiangkai/Documents/CodeProject/springCloldAlibabaStudy/nacos/plugins/cmdb,/c/Users/jiangkai/Documents/CodeProject/springCloldAlibabaStudy/nacos/plugins/selector -Dnacos.home=/c/Users/jiangkai/Documents/CodeProject/springCloldAlibabaStudy/nacos -jar /c/Users/jiangkai/Documents/CodeProject/springCloldAlibabaStudy/nacos/target/nacos-server.jar  --spring.config.additional-location=file:/c/Users/jiangkai/Documents/CodeProject/springCloldAlibabaStudy/nacos/conf/ --logging.config=/c/Users/jiangkai/Documents/CodeProject/springCloldAlibabaStudy/nacos/conf/nacos-logback.xml --server.max-http-header-size=524288
nohup: ignoring input
15:20:40.263 [main] DEBUG org.springframework.boot.diagnostics.LoggingFailureAnalysisReporter - Application failed to start due to an exception
org.springframework.boot.context.config.ConfigDataLocationNotFoundException: Config data location 'file:/c/Users/jiangkai/Documents/CodeProject/springCloldAlibabaStudy/nacos/conf/' cannot be found
	at org.springframework.boot.context.config.ConfigDataEnvironment.checkMandatoryLocations(ConfigDataEnvironment.java:383)
	at org.springframework.boot.context.config.ConfigDataEnvironment.applyToEnvironment(ConfigDataEnvironment.java:326)
	at org.springframework.boot.context.config.ConfigDataEnvironment.processAndApply(ConfigDataEnvironment.java:233)
	at org.springframework.boot.context.config.ConfigDataEnvironmentPostProcessor.postProcessEnvironment(ConfigDataEnvironmentPostProcessor.java:102)
	at org.springframework.boot.context.config.ConfigDataEnvironmentPostProcessor.postProcessEnvironment(ConfigDataEnvironmentPostProcessor.java:94)
	at org.springframework.boot.env.EnvironmentPostProcessorApplicationListener.onApplicationEnvironmentPreparedEvent(EnvironmentPostProcessorApplicationListener.java:102)
	at org.springframework.boot.env.EnvironmentPostProcessorApplicationListener.onApplicationEvent(EnvironmentPostProcessorApplicationListener.java:87)
	at org.springframework.context.event.SimpleApplicationEventMulticaster.doInvokeListener(SimpleApplicationEventMulticaster.java:176)
	at org.springframework.context.event.SimpleApplicationEventMulticaster.invokeListener(SimpleApplicationEventMulticaster.java:169)
	at org.springframework.context.event.SimpleApplicationEventMulticaster.multicastEvent(SimpleApplicationEventMulticaster.java:143)
	at org.springframework.context.event.SimpleApplicationEventMulticaster.multicastEvent(SimpleApplicationEventMulticaster.java:131)
	at org.springframework.boot.context.event.EventPublishingRunListener.environmentPrepared(EventPublishingRunListener.java:85)
	at org.springframework.boot.SpringApplicationRunListeners.lambda$environmentPrepared$2(SpringApplicationRunListeners.java:66)
	at java.util.ArrayList.forEach(ArrayList.java:1259)
	at org.springframework.boot.SpringApplicationRunListeners.doWithListeners(SpringApplicationRunListeners.java:120)
	at org.springframework.boot.SpringApplicationRunListeners.doWithListeners(SpringApplicationRunListeners.java:114)
	at org.springframework.boot.SpringApplicationRunListeners.environmentPrepared(SpringApplicationRunListeners.java:65)
	at org.springframework.boot.SpringApplication.prepareEnvironment(SpringApplication.java:343)
	at org.springframework.boot.SpringApplication.run(SpringApplication.java:301)
	at org.springframework.boot.SpringApplication.run(SpringApplication.java:1317)
	at org.springframework.boot.SpringApplication.run(SpringApplication.java:1306)
	at com.alibaba.nacos.Nacos.main(Nacos.java:35)
	at sun.reflect.NativeMethodAccessorImpl.invoke0(Native Method)
	at sun.reflect.NativeMethodAccessorImpl.invoke(NativeMethodAccessorImpl.java:62)
	at sun.reflect.DelegatingMethodAccessorImpl.invoke(DelegatingMethodAccessorImpl.java:43)
	at java.lang.reflect.Method.invoke(Method.java:498)
	at org.springframework.boot.loader.MainMethodRunner.run(MainMethodRunner.java:49)
	at org.springframework.boot.loader.Launcher.launch(Launcher.java:108)
	at org.springframework.boot.loader.Launcher.launch(Launcher.java:58)
	at org.springframework.boot.loader.PropertiesLauncher.main(PropertiesLauncher.java:467)
15:20:40.266 [main] ERROR org.springframework.boot.diagnostics.LoggingFailureAnalysisReporter - 

***************************
APPLICATION FAILED TO START
***************************

Description:

Config data location 'file:/c/Users/jiangkai/Documents/CodeProject/springCloldAlibabaStudy/nacos/conf/' does not exist

Action:

Check that the value 'file:/c/Users/jiangkai/Documents/CodeProject/springCloldAlibabaStudy/nacos/conf/' is correct, or prefix it with 'optional:'

15:21:27.863 [Thread-5] WARN com.alibaba.nacos.common.executor.ThreadPoolManager - [ThreadPoolManager] Start destroying ThreadPool
15:21:27.863 [Thread-5] WARN com.alibaba.nacos.common.executor.ThreadPoolManager - [ThreadPoolManager] Destruction of the end
